[35m[Appium][39m Welcome to Appium v1.22.3
[35m[Appium][39m Non-default server args:
[35m[Appium][39m   port: 52476
[35m[Appium][39m   loglevel: info
[35m[Appium][39m   tmpDir: /var/folders/c9/xmzq5jjs51n878vrs7gvhsch0000gn/T//Katalon/Appium/Temp1658106097571
[35m[Appium][39m   chromedriverPort: 52477
[35m[Appium][39m Deprecated server args:
[35m[Appium][39m   [31m--chromedriver-port[39m => --default-capabilities
[35m[Appium][39m Default capabilities, which will be added to each request unless overridden by desired capabilities:
[35m[Appium][39m   chromedriverPort: 52477
[35m[Appium][39m Appium REST http interface listener started on 0.0.0.0:52476
[35m[HTTP][39m [37m-->[39m [37mGET[39m [37m/wd/hub/status[39m
[35m[HTTP][39m [90m{}[39m
[35m[HTTP][39m [37m<-- GET /wd/hub/status [39m[32m200[39m [90m8 ms - 68[39m
[35m[HTTP][39m [90m[39m
[35m[HTTP][39m [37m-->[39m [37mGET[39m [37m/wd/hub/status[39m
[35m[HTTP][39m [90m{}[39m
[35m[HTTP][39m [37m<-- GET /wd/hub/status [39m[32m200[39m [90m2 ms - 68[39m
[35m[HTTP][39m [90m[39m
[35m[HTTP][39m [37m-->[39m [37mPOST[39m [37m/wd/hub/session[39m
[35m[HTTP][39m [90m{"desiredCapabilities":{"app":"/Users/queenels/Katalon Studio/TugasSec10/App/Shop Samsung_v1.0.29456_apkpure.com.apk","noReset":true,"deviceName":"ADVAN 8003 (Android 10)","fullReset":false,"platform":"ANDROID","newCommandTimeout":1800,"platformVersion":"10","automationName":"uiautomator2","autoGrantPermissions":true,"platformName":"Android","udid":"A80039832ETH022492","systemPort":52487},"capabilities":{"firstMatch":[{"appium:app":"/Users/queenels/Katalon Studio/TugasSec10/App/Shop Samsung_v1.0.29456_apkpure.com.apk","appium:autoGrantPermissions":true,"appium:automationName":"uiautomator2","appium:deviceName":"ADVAN 8003 (Android 10)","appium:fullReset":false,"appium:newCommandTimeout":1800,"appium:noReset":true,"platform":"ANDROID","platformName":"android","appium:platformVersion":"10","appium:systemPort":52487,"appium:udid":"A80039832ETH022492"}]}}[39m
[35m[BaseDriver][39m The following capabilities are not standard capabilities and should have an extension prefix:
[35m[BaseDriver][39m   platform
[35m[BaseDriver][39m   chromedriverPort
[35m[Appium][39m Appium v1.22.3 creating new AndroidUiautomator2Driver (v1.70.1) session
[35m[BaseDriver][39m The following capabilities were provided, but are not recognized by Appium:
[35m[BaseDriver][39m   platform
[35m[BaseDriver][39m Session created with session id: 32242533-b2b8-4b6f-9b5a-c197d629a7d9
[35m[BaseDriver][39m Using local app '/Users/queenels/Katalon Studio/TugasSec10/App/Shop Samsung_v1.0.29456_apkpure.com.apk'
[35m[ADB][39m Found 1 'build-tools' folders under '/Users/queenels/.katalon/tools/android_sdk' (newest first):
[35m[ADB][39m     /Users/queenels/.katalon/tools/android_sdk/build-tools/29.0.3
[35m[ADB][39m Using 'adb' from '/Users/queenels/.katalon/tools/android_sdk/platform-tools/adb'
[35m[AndroidDriver][39m Retrieving device list
[35m[AndroidDriver][39m Using device: A80039832ETH022492
[35m[ADB][39m Using 'adb' from '/Users/queenels/.katalon/tools/android_sdk/platform-tools/adb'
[35m[ADB][39m Getting device platform version
[35m[UiAutomator2][39m Relaxing hidden api policy
[35m[ADB][39m Package name: 'com.samsung.ecomm'
[35m[ADB][39m Main activity name: 'com.samsung.ecomm.MainActivity'
[35m[ADB][39m Using 'apksigner.jar' from '/Users/queenels/.katalon/tools/android_sdk/build-tools/29.0.3/lib/apksigner.jar'
[35m[ADB][39m '/Users/queenels/.npm-global/bin/appium/node_modules/appium-uiautomator2-server/apks/appium-uiautomator2-server-v4.27.0.apk' is signed with the default certificate
[35m[ADB][39m '/Users/queenels/.npm-global/bin/appium/node_modules/appium-uiautomator2-server/apks/appium-uiautomator2-server-debug-androidTest.apk' is signed with the default certificate
[35m[UiAutomator2][39m Server packages are not going to be (re)installed
[35m[ADB][39m Adding packages ["io.appium.settings","io.appium.uiautomator2.server","io.appium.uiautomator2.server.test"] to Doze whitelist
[35m[ADB][39m '/Users/queenels/Katalon Studio/TugasSec10/App/Shop Samsung_v1.0.29456_apkpure.com.apk' is signed with a non-default certificate
[35m[ADB][39m The application at '/Users/queenels/Katalon Studio/TugasSec10/App/Shop Samsung_v1.0.29456_apkpure.com.apk' will not be cached, because the device under test has confirmed the support of streamed installs
[35m[ADB][39m The installation of 'Shop Samsung_v1.0.29456_apkpure.com.apk' took 20763ms
[35m[UiAutomator2][39m Starting UIAutomator2 server 4.27.0
[35m[UiAutomator2][39m Using UIAutomator2 server from '/Users/queenels/.npm-global/bin/appium/node_modules/appium-uiautomator2-server/apks/appium-uiautomator2-server-v4.27.0.apk' and test from '/Users/queenels/.npm-global/bin/appium/node_modules/appium-uiautomator2-server/apks/appium-uiautomator2-server-debug-androidTest.apk'
[35m[UiAutomator2][39m Waiting up to 30000ms for UiAutomator2 to be online...
[35m[WD Proxy][39m socket hang up
[35m[WD Proxy][39m socket hang up
[35m[WD Proxy][39m socket hang up
[35m[WD Proxy][39m socket hang up
[35m[WD Proxy][39m socket hang up
[35m[WD Proxy][39m socket hang up
[35m[WD Proxy][39m socket hang up
[35m[WD Proxy][39m Determined the downstream protocol as 'W3C'
[35m[AndroidDriver][39m Screen already unlocked, doing nothing
[35m[UiAutomator2][39m Starting 'com.samsung.ecomm/com.samsung.ecomm.MainActivity and waiting for 'com.samsung.ecomm/com.samsung.ecomm.MainActivity'
[35m[Appium][39m New AndroidUiautomator2Driver session created successfully, session 32242533-b2b8-4b6f-9b5a-c197d629a7d9 added to master session list
[35m[HTTP][39m [37m<-- POST /wd/hub/session [39m[32m200[39m [90m52578 ms - 1341[39m
[35m[HTTP][39m [90m[39m
[35m[HTTP][39m [37m-->[39m [37mGET[39m [37m/wd/hub/session/32242533-b2b8-4b6f-9b5a-c197d629a7d9[39m
[35m[HTTP][39m [90m{}[39m
[35m[HTTP][39m [37m<-- GET /wd/hub/session/32242533-b2b8-4b6f-9b5a-c197d629a7d9 [39m[32m200[39m [90m51 ms - 1295[39m
[35m[HTTP][39m [90m[39m
[35m[HTTP][39m [37m-->[39m [37mGET[39m [37m/wd/hub/session/32242533-b2b8-4b6f-9b5a-c197d629a7d9[39m
[35m[HTTP][39m [90m{}[39m
[35m[HTTP][39m [37m<-- GET /wd/hub/session/32242533-b2b8-4b6f-9b5a-c197d629a7d9 [39m[32m200[39m [90m43 ms - 1295[39m
[35m[HTTP][39m [90m[39m
[35m[HTTP][39m [37m-->[39m [37mGET[39m [37m/wd/hub/status[39m
[35m[HTTP][39m [90m{}[39m
[35m[HTTP][39m [37m<-- GET /wd/hub/status [39m[32m200[39m [90m3 ms - 68[39m
[35m[HTTP][39m [90m[39m
[35m[HTTP][39m [37m-->[39m [37mPOST[39m [37m/wd/hub/session/32242533-b2b8-4b6f-9b5a-c197d629a7d9/timeouts[39m
[35m[HTTP][39m [90m{"implicit":60000}[39m
[35m[HTTP][39m [37m<-- POST /wd/hub/session/32242533-b2b8-4b6f-9b5a-c197d629a7d9/timeouts [39m[32m200[39m [90m4 ms - 14[39m
[35m[HTTP][39m [90m[39m
[35m[HTTP][39m [37m-->[39m [37mGET[39m [37m/wd/hub/session/32242533-b2b8-4b6f-9b5a-c197d629a7d9/source[39m
[35m[HTTP][39m [90m{}[39m
[35m[W3C (32242533)][39m Driver proxy active, passing request on via HTTP proxy
[35m[WD Proxy][39m Replacing sessionId 50a7877c-892f-4cc1-b7e3-451de73d983e with 32242533-b2b8-4b6f-9b5a-c197d629a7d9
[35m[HTTP][39m [37m<-- GET /wd/hub/session/32242533-b2b8-4b6f-9b5a-c197d629a7d9/source [39m[32m200[39m [90m2231 ms - 27462[39m
[35m[HTTP][39m [90m[39m
[35m[HTTP][39m [37m-->[39m [37mGET[39m [37m/wd/hub/session/32242533-b2b8-4b6f-9b5a-c197d629a7d9/screenshot[39m
[35m[HTTP][39m [90m{}[39m
[35m[HTTP][39m [37m<-- GET /wd/hub/session/32242533-b2b8-4b6f-9b5a-c197d629a7d9/screenshot [39m[32m200[39m [90m1399 ms - 372570[39m
[35m[HTTP][39m [90m[39m
[35m[HTTP][39m [37m-->[39m [37mGET[39m [37m/wd/hub/session/32242533-b2b8-4b6f-9b5a-c197d629a7d9/source[39m
[35m[HTTP][39m [90m{}[39m
[35m[W3C (32242533)][39m Driver proxy active, passing request on via HTTP proxy
[35m[WD Proxy][39m Replacing sessionId 50a7877c-892f-4cc1-b7e3-451de73d983e with 32242533-b2b8-4b6f-9b5a-c197d629a7d9
[35m[HTTP][39m [37m<-- GET /wd/hub/session/32242533-b2b8-4b6f-9b5a-c197d629a7d9/source [39m[32m200[39m [90m3635 ms - 65975[39m
[35m[HTTP][39m [90m[39m
[35m[HTTP][39m [37m-->[39m [37mGET[39m [37m/wd/hub/session/32242533-b2b8-4b6f-9b5a-c197d629a7d9/screenshot[39m
[35m[HTTP][39m [90m{}[39m
[35m[HTTP][39m [37m<-- GET /wd/hub/session/32242533-b2b8-4b6f-9b5a-c197d629a7d9/screenshot [39m[32m200[39m [90m1612 ms - 610650[39m
[35m[HTTP][39m [90m[39m
[35m[HTTP][39m [37m-->[39m [37mGET[39m [37m/wd/hub/session/32242533-b2b8-4b6f-9b5a-c197d629a7d9/context[39m
[35m[HTTP][39m [90m{}[39m
[35m[HTTP][39m [37m<-- GET /wd/hub/session/32242533-b2b8-4b6f-9b5a-c197d629a7d9/context [39m[32m200[39m [90m9 ms - 22[39m
[35m[HTTP][39m [90m[39m
[35m[HTTP][39m [37m-->[39m [37mGET[39m [37m/wd/hub/session/32242533-b2b8-4b6f-9b5a-c197d629a7d9/contexts[39m
[35m[HTTP][39m [90m{}[39m
[35m[HTTP][39m [37m<-- GET /wd/hub/session/32242533-b2b8-4b6f-9b5a-c197d629a7d9/contexts [39m[32m200[39m [90m308 ms - 41[39m
[35m[HTTP][39m [90m[39m
[35m[HTTP][39m [37m-->[39m [37mPOST[39m [37m/wd/hub/session/32242533-b2b8-4b6f-9b5a-c197d629a7d9/context[39m
[35m[HTTP][39m [90m{"name":"NATIVE_APP"}[39m
[35m[HTTP][39m [37m<-- POST /wd/hub/session/32242533-b2b8-4b6f-9b5a-c197d629a7d9/context [39m[32m200[39m [90m7 ms - 14[39m
[35m[HTTP][39m [90m[39m
[35m[HTTP][39m [37m-->[39m [37mPOST[39m [37m/wd/hub/session/32242533-b2b8-4b6f-9b5a-c197d629a7d9/element[39m
[35m[HTTP][39m [90m{"using":"-android uiautomator","value":"new UiScrollable(new UiSelector().scrollable(true).instance(0)).scrollIntoView(new UiSelector().textContains(\"Choose your carrier\"))"}[39m
[35m[HTTP][39m [37m<-- POST /wd/hub/session/32242533-b2b8-4b6f-9b5a-c197d629a7d9/element [39m[32m200[39m [90m9284 ms - 137[39m
[35m[HTTP][39m [90m[39m
[35m[HTTP][39m [37m-->[39m [37mPOST[39m [37m/wd/hub/session/32242533-b2b8-4b6f-9b5a-c197d629a7d9/context[39m
[35m[HTTP][39m [90m{"name":"NATIVE_APP"}[39m
[35m[HTTP][39m [37m<-- POST /wd/hub/session/32242533-b2b8-4b6f-9b5a-c197d629a7d9/context [39m[32m200[39m [90m2 ms - 14[39m
[35m[HTTP][39m [90m[39m
[35m[HTTP][39m [37m-->[39m [37mGET[39m [37m/wd/hub/session/32242533-b2b8-4b6f-9b5a-c197d629a7d9/source[39m
[35m[HTTP][39m [90m{}[39m
[35m[W3C (32242533)][39m Driver proxy active, passing request on via HTTP proxy
[35m[WD Proxy][39m Replacing sessionId 50a7877c-892f-4cc1-b7e3-451de73d983e with 32242533-b2b8-4b6f-9b5a-c197d629a7d9
[35m[HTTP][39m [37m<-- GET /wd/hub/session/32242533-b2b8-4b6f-9b5a-c197d629a7d9/source [39m[32m200[39m [90m1559 ms - 73629[39m
[35m[HTTP][39m [90m[39m
[35m[HTTP][39m [37m-->[39m [37mGET[39m [37m/wd/hub/session/32242533-b2b8-4b6f-9b5a-c197d629a7d9/screenshot[39m
[35m[HTTP][39m [90m{}[39m
[35m[HTTP][39m [37m<-- GET /wd/hub/session/32242533-b2b8-4b6f-9b5a-c197d629a7d9/screenshot [39m[32m200[39m [90m853 ms - 133454[39m
[35m[HTTP][39m [90m[39m
[35m[HTTP][39m [37m-->[39m [37mDELETE[39m [37m/wd/hub/session/32242533-b2b8-4b6f-9b5a-c197d629a7d9[39m
[35m[HTTP][39m [90m{}[39m
[35m[Appium][39m Removing session 32242533-b2b8-4b6f-9b5a-c197d629a7d9 from our master session list
[35m[UiAutomator2][39m Restoring hidden api policy to the device default configuration
[35m[HTTP][39m [37m<-- DELETE /wd/hub/session/32242533-b2b8-4b6f-9b5a-c197d629a7d9 [39m[32m200[39m [90m695 ms - 14[39m
[35m[HTTP][39m [90m[39m
