[35m[Appium][39m Welcome to Appium v1.22.3
[35m[Appium][39m Non-default server args:
[35m[Appium][39m   port: 49692
[35m[Appium][39m   loglevel: info
[35m[Appium][39m   tmpDir: /var/folders/c9/xmzq5jjs51n878vrs7gvhsch0000gn/T//Katalon/Appium/Temp1658241377695
[35m[Appium][39m   chromedriverPort: 49693
[35m[Appium][39m Deprecated server args:
[35m[Appium][39m   [31m--chromedriver-port[39m => --default-capabilities
[35m[Appium][39m Default capabilities, which will be added to each request unless overridden by desired capabilities:
[35m[Appium][39m   chromedriverPort: 49693
[35m[Appium][39m Appium REST http interface listener started on 0.0.0.0:49692
[35m[HTTP][39m [37m-->[39m [37mGET[39m [37m/wd/hub/status[39m
[35m[HTTP][39m [90m{}[39m
[35m[HTTP][39m [37m<-- GET /wd/hub/status [39m[32m200[39m [90m13 ms - 68[39m
[35m[HTTP][39m [90m[39m
[35m[HTTP][39m [37m-->[39m [37mGET[39m [37m/wd/hub/status[39m
[35m[HTTP][39m [90m{}[39m
[35m[HTTP][39m [37m<-- GET /wd/hub/status [39m[32m200[39m [90m1 ms - 68[39m
[35m[HTTP][39m [90m[39m
[35m[HTTP][39m [37m-->[39m [37mPOST[39m [37m/wd/hub/session[39m
[35m[HTTP][39m [90m{"desiredCapabilities":{"app":"/Users/queenels/Katalon Studio/EduApp/App/Shop-Samsung.apk","noReset":true,"deviceName":"emulator-5554 (sdk_gphone64_x86_64 - Android 12)","fullReset":false,"platform":"ANDROID","newCommandTimeout":1800,"platformVersion":"12","automationName":"uiautomator2","autoGrantPermissions":true,"platformName":"Android","udid":"emulator-5554","systemPort":49727},"capabilities":{"firstMatch":[{"appium:app":"/Users/queenels/Katalon Studio/EduApp/App/Shop-Samsung.apk","appium:autoGrantPermissions":true,"appium:automationName":"uiautomator2","appium:deviceName":"emulator-5554 (sdk_gphone64_x86_64 - Android 12)","appium:fullReset":false,"appium:newCommandTimeout":1800,"appium:noReset":true,"platform":"ANDROID","platformName":"android","appium:platformVersion":"12","appium:systemPort":49727,"appium:udid":"emulator-5554"}]}}[39m
[35m[BaseDriver][39m The following capabilities are not standard capabilities and should have an extension prefix:
[35m[BaseDriver][39m   platform
[35m[BaseDriver][39m   chromedriverPort
[35m[Appium][39m Appium v1.22.3 creating new AndroidUiautomator2Driver (v1.70.1) session
[35m[BaseDriver][39m The following capabilities were provided, but are not recognized by Appium:
[35m[BaseDriver][39m   platform
[35m[BaseDriver][39m Session created with session id: 6d715514-d0d9-45db-8e55-a4295923697d
[35m[BaseDriver][39m Using local app '/Users/queenels/Katalon Studio/EduApp/App/Shop-Samsung.apk'
[35m[ADB][39m Found 1 'build-tools' folders under '/Users/queenels/.katalon/tools/android_sdk' (newest first):
[35m[ADB][39m     /Users/queenels/.katalon/tools/android_sdk/build-tools/29.0.3
[35m[ADB][39m Using 'adb' from '/Users/queenels/.katalon/tools/android_sdk/platform-tools/adb'
[35m[AndroidDriver][39m Retrieving device list
[35m[AndroidDriver][39m Using device: emulator-5554
[35m[ADB][39m Using 'adb' from '/Users/queenels/.katalon/tools/android_sdk/platform-tools/adb'
[35m[ADB][39m Getting device platform version
[35m[UiAutomator2][39m Relaxing hidden api policy
[35m[ADB][39m Package name: 'com.samsung.ecomm'
[35m[ADB][39m Main activity name: 'com.samsung.ecomm.MainActivity'
[35m[ADB][39m Using 'apksigner.jar' from '/Users/queenels/.katalon/tools/android_sdk/build-tools/29.0.3/lib/apksigner.jar'
[35m[ADB][39m '/Users/queenels/.npm-global/bin/appium/node_modules/appium-uiautomator2-server/apks/appium-uiautomator2-server-v4.27.0.apk' is signed with the default certificate
[35m[ADB][39m '/Users/queenels/.npm-global/bin/appium/node_modules/appium-uiautomator2-server/apks/appium-uiautomator2-server-debug-androidTest.apk' is signed with the default certificate
[35m[UiAutomator2][39m Server packages are not going to be (re)installed
[35m[ADB][39m Adding packages ["io.appium.settings","io.appium.uiautomator2.server","io.appium.uiautomator2.server.test"] to Doze whitelist
[35m[ADB][39m '/Users/queenels/Katalon Studio/EduApp/App/Shop-Samsung.apk' is signed with a non-default certificate
[35m[ADB][39m The application at '/Users/queenels/Katalon Studio/EduApp/App/Shop-Samsung.apk' will not be cached, because the device under test has confirmed the support of streamed installs
[35m[ADB][39m The installation of 'Shop-Samsung.apk' took 11803ms
[35m[UiAutomator2][39m Starting UIAutomator2 server 4.27.0
[35m[UiAutomator2][39m Using UIAutomator2 server from '/Users/queenels/.npm-global/bin/appium/node_modules/appium-uiautomator2-server/apks/appium-uiautomator2-server-v4.27.0.apk' and test from '/Users/queenels/.npm-global/bin/appium/node_modules/appium-uiautomator2-server/apks/appium-uiautomator2-server-debug-androidTest.apk'
[35m[UiAutomator2][39m Waiting up to 30000ms for UiAutomator2 to be online...
[35m[WD Proxy][39m socket hang up
[35m[WD Proxy][39m socket hang up
[35m[WD Proxy][39m socket hang up
[35m[WD Proxy][39m socket hang up
[35m[WD Proxy][39m socket hang up
[35m[WD Proxy][39m socket hang up
[35m[WD Proxy][39m Determined the downstream protocol as 'W3C'
[35m[AndroidDriver][39m Screen already unlocked, doing nothing
[35m[UiAutomator2][39m Starting 'com.samsung.ecomm/com.samsung.ecomm.MainActivity and waiting for 'com.samsung.ecomm/com.samsung.ecomm.MainActivity'
[35m[Appium][39m New AndroidUiautomator2Driver session created successfully, session 6d715514-d0d9-45db-8e55-a4295923697d added to master session list
[35m[HTTP][39m [37m<-- POST /wd/hub/session [39m[32m200[39m [90m51434 ms - 1307[39m
[35m[HTTP][39m [90m[39m
[35m[HTTP][39m [37m-->[39m [37mGET[39m [37m/wd/hub/session/6d715514-d0d9-45db-8e55-a4295923697d[39m
[35m[HTTP][39m [90m{}[39m
[35m[HTTP][39m [37m<-- GET /wd/hub/session/6d715514-d0d9-45db-8e55-a4295923697d [39m[32m200[39m [90m120 ms - 1261[39m
[35m[HTTP][39m [90m[39m
[35m[HTTP][39m [37m-->[39m [37mGET[39m [37m/wd/hub/session/6d715514-d0d9-45db-8e55-a4295923697d[39m
[35m[HTTP][39m [90m{}[39m
[35m[HTTP][39m [37m<-- GET /wd/hub/session/6d715514-d0d9-45db-8e55-a4295923697d [39m[32m200[39m [90m118 ms - 1261[39m
[35m[HTTP][39m [90m[39m
[35m[HTTP][39m [37m-->[39m [37mGET[39m [37m/wd/hub/status[39m
[35m[HTTP][39m [90m{}[39m
[35m[HTTP][39m [37m<-- GET /wd/hub/status [39m[32m200[39m [90m1 ms - 68[39m
[35m[HTTP][39m [90m[39m
[35m[HTTP][39m [37m-->[39m [37mPOST[39m [37m/wd/hub/session/6d715514-d0d9-45db-8e55-a4295923697d/timeouts[39m
[35m[HTTP][39m [90m{"implicit":60000}[39m
[35m[HTTP][39m [37m<-- POST /wd/hub/session/6d715514-d0d9-45db-8e55-a4295923697d/timeouts [39m[32m200[39m [90m8 ms - 14[39m
[35m[HTTP][39m [90m[39m
[35m[HTTP][39m [37m-->[39m [37mGET[39m [37m/wd/hub/session/6d715514-d0d9-45db-8e55-a4295923697d/source[39m
[35m[HTTP][39m [90m{}[39m
[35m[W3C (6d715514)][39m Driver proxy active, passing request on via HTTP proxy
[35m[WD Proxy][39m Replacing sessionId 498d0905-bcbd-4341-b296-a14684a97114 with 6d715514-d0d9-45db-8e55-a4295923697d
[35m[HTTP][39m [37m<-- GET /wd/hub/session/6d715514-d0d9-45db-8e55-a4295923697d/source [39m[32m200[39m [90m1432 ms - 598[39m
[35m[HTTP][39m [90m[39m
[35m[HTTP][39m [37m-->[39m [37mGET[39m [37m/wd/hub/session/6d715514-d0d9-45db-8e55-a4295923697d/screenshot[39m
[35m[HTTP][39m [90m{}[39m
[35m[HTTP][39m [37m<-- GET /wd/hub/session/6d715514-d0d9-45db-8e55-a4295923697d/screenshot [39m[32m200[39m [90m1804 ms - 593150[39m
[35m[HTTP][39m [90m[39m
[35m[HTTP][39m [37m-->[39m [37mGET[39m [37m/wd/hub/session/6d715514-d0d9-45db-8e55-a4295923697d/source[39m
[35m[HTTP][39m [90m{}[39m
[35m[W3C (6d715514)][39m Driver proxy active, passing request on via HTTP proxy
[35m[WD Proxy][39m Replacing sessionId 498d0905-bcbd-4341-b296-a14684a97114 with 6d715514-d0d9-45db-8e55-a4295923697d
[35m[HTTP][39m [37m<-- GET /wd/hub/session/6d715514-d0d9-45db-8e55-a4295923697d/source [39m[32m200[39m [90m164 ms - 598[39m
[35m[HTTP][39m [90m[39m
[35m[HTTP][39m [37m-->[39m [37mGET[39m [37m/wd/hub/session/6d715514-d0d9-45db-8e55-a4295923697d/screenshot[39m
[35m[HTTP][39m [90m{}[39m
[35m[HTTP][39m [37m<-- GET /wd/hub/session/6d715514-d0d9-45db-8e55-a4295923697d/screenshot [39m[32m200[39m [90m1058 ms - 724058[39m
[35m[HTTP][39m [90m[39m
[35m[HTTP][39m [37m-->[39m [37mGET[39m [37m/wd/hub/session/6d715514-d0d9-45db-8e55-a4295923697d/source[39m
[35m[HTTP][39m [90m{}[39m
[35m[W3C (6d715514)][39m Driver proxy active, passing request on via HTTP proxy
[35m[WD Proxy][39m Replacing sessionId 498d0905-bcbd-4341-b296-a14684a97114 with 6d715514-d0d9-45db-8e55-a4295923697d
[35m[HTTP][39m [37m<-- GET /wd/hub/session/6d715514-d0d9-45db-8e55-a4295923697d/source [39m[32m200[39m [90m74 ms - 598[39m
[35m[HTTP][39m [90m[39m
[35m[HTTP][39m [37m-->[39m [37mGET[39m [37m/wd/hub/session/6d715514-d0d9-45db-8e55-a4295923697d/screenshot[39m
[35m[HTTP][39m [90m{}[39m
[35m[HTTP][39m [37m<-- GET /wd/hub/session/6d715514-d0d9-45db-8e55-a4295923697d/screenshot [39m[32m200[39m [90m685 ms - 724546[39m
[35m[HTTP][39m [90m[39m
[35m[HTTP][39m [37m-->[39m [37mGET[39m [37m/wd/hub/session/6d715514-d0d9-45db-8e55-a4295923697d/source[39m
[35m[HTTP][39m [90m{}[39m
[35m[W3C (6d715514)][39m Driver proxy active, passing request on via HTTP proxy
[35m[WD Proxy][39m Replacing sessionId 498d0905-bcbd-4341-b296-a14684a97114 with 6d715514-d0d9-45db-8e55-a4295923697d
[35m[HTTP][39m [37m<-- GET /wd/hub/session/6d715514-d0d9-45db-8e55-a4295923697d/source [39m[32m200[39m [90m55 ms - 598[39m
[35m[HTTP][39m [90m[39m
[35m[HTTP][39m [37m-->[39m [37mGET[39m [37m/wd/hub/session/6d715514-d0d9-45db-8e55-a4295923697d/screenshot[39m
[35m[HTTP][39m [90m{}[39m
[35m[HTTP][39m [37m<-- GET /wd/hub/session/6d715514-d0d9-45db-8e55-a4295923697d/screenshot [39m[32m200[39m [90m833 ms - 724546[39m
[35m[HTTP][39m [90m[39m
[35m[HTTP][39m [37m-->[39m [37mGET[39m [37m/wd/hub/session/6d715514-d0d9-45db-8e55-a4295923697d/source[39m
[35m[HTTP][39m [90m{}[39m
[35m[W3C (6d715514)][39m Driver proxy active, passing request on via HTTP proxy
[35m[WD Proxy][39m Replacing sessionId 498d0905-bcbd-4341-b296-a14684a97114 with 6d715514-d0d9-45db-8e55-a4295923697d
[35m[HTTP][39m [37m<-- GET /wd/hub/session/6d715514-d0d9-45db-8e55-a4295923697d/source [39m[32m200[39m [90m82 ms - 598[39m
[35m[HTTP][39m [90m[39m
[35m[HTTP][39m [37m-->[39m [37mGET[39m [37m/wd/hub/session/6d715514-d0d9-45db-8e55-a4295923697d/screenshot[39m
[35m[HTTP][39m [90m{}[39m
[35m[HTTP][39m [37m<-- GET /wd/hub/session/6d715514-d0d9-45db-8e55-a4295923697d/screenshot [39m[32m200[39m [90m669 ms - 724546[39m
[35m[HTTP][39m [90m[39m
[35m[HTTP][39m [37m-->[39m [37mGET[39m [37m/wd/hub/session/6d715514-d0d9-45db-8e55-a4295923697d/source[39m
[35m[HTTP][39m [90m{}[39m
[35m[W3C (6d715514)][39m Driver proxy active, passing request on via HTTP proxy
[35m[WD Proxy][39m Replacing sessionId 498d0905-bcbd-4341-b296-a14684a97114 with 6d715514-d0d9-45db-8e55-a4295923697d
[35m[HTTP][39m [37m<-- GET /wd/hub/session/6d715514-d0d9-45db-8e55-a4295923697d/source [39m[32m200[39m [90m67 ms - 598[39m
[35m[HTTP][39m [90m[39m
[35m[HTTP][39m [37m-->[39m [37mGET[39m [37m/wd/hub/session/6d715514-d0d9-45db-8e55-a4295923697d/screenshot[39m
[35m[HTTP][39m [90m{}[39m
[35m[HTTP][39m [37m<-- GET /wd/hub/session/6d715514-d0d9-45db-8e55-a4295923697d/screenshot [39m[32m200[39m [90m654 ms - 724546[39m
[35m[HTTP][39m [90m[39m
[35m[HTTP][39m [37m-->[39m [37mGET[39m [37m/wd/hub/session/6d715514-d0d9-45db-8e55-a4295923697d/source[39m
[35m[HTTP][39m [90m{}[39m
[35m[W3C (6d715514)][39m Driver proxy active, passing request on via HTTP proxy
[35m[WD Proxy][39m Replacing sessionId 498d0905-bcbd-4341-b296-a14684a97114 with 6d715514-d0d9-45db-8e55-a4295923697d
[35m[HTTP][39m [37m<-- GET /wd/hub/session/6d715514-d0d9-45db-8e55-a4295923697d/source [39m[32m200[39m [90m64 ms - 598[39m
[35m[HTTP][39m [90m[39m
[35m[HTTP][39m [37m-->[39m [37mGET[39m [37m/wd/hub/session/6d715514-d0d9-45db-8e55-a4295923697d/screenshot[39m
[35m[HTTP][39m [90m{}[39m
[35m[HTTP][39m [37m<-- GET /wd/hub/session/6d715514-d0d9-45db-8e55-a4295923697d/screenshot [39m[32m200[39m [90m628 ms - 724546[39m
[35m[HTTP][39m [90m[39m
[35m[HTTP][39m [37m-->[39m [37mGET[39m [37m/wd/hub/session/6d715514-d0d9-45db-8e55-a4295923697d/source[39m
[35m[HTTP][39m [90m{}[39m
[35m[W3C (6d715514)][39m Driver proxy active, passing request on via HTTP proxy
[35m[WD Proxy][39m Replacing sessionId 498d0905-bcbd-4341-b296-a14684a97114 with 6d715514-d0d9-45db-8e55-a4295923697d
[35m[HTTP][39m [37m<-- GET /wd/hub/session/6d715514-d0d9-45db-8e55-a4295923697d/source [39m[32m200[39m [90m83 ms - 598[39m
[35m[HTTP][39m [90m[39m
[35m[HTTP][39m [37m-->[39m [37mGET[39m [37m/wd/hub/session/6d715514-d0d9-45db-8e55-a4295923697d/screenshot[39m
[35m[HTTP][39m [90m{}[39m
[35m[HTTP][39m [37m<-- GET /wd/hub/session/6d715514-d0d9-45db-8e55-a4295923697d/screenshot [39m[32m200[39m [90m701 ms - 724546[39m
[35m[HTTP][39m [90m[39m
[35m[HTTP][39m [37m-->[39m [37mGET[39m [37m/wd/hub/session/6d715514-d0d9-45db-8e55-a4295923697d/context[39m
[35m[HTTP][39m [90m{}[39m
[35m[HTTP][39m [37m<-- GET /wd/hub/session/6d715514-d0d9-45db-8e55-a4295923697d/context [39m[32m200[39m [90m6 ms - 22[39m
[35m[HTTP][39m [90m[39m
[35m[HTTP][39m [37m-->[39m [37mGET[39m [37m/wd/hub/session/6d715514-d0d9-45db-8e55-a4295923697d/contexts[39m
[35m[HTTP][39m [90m{}[39m
[35m[HTTP][39m [37m<-- GET /wd/hub/session/6d715514-d0d9-45db-8e55-a4295923697d/contexts [39m[32m200[39m [90m566 ms - 52[39m
[35m[HTTP][39m [90m[39m
[35m[HTTP][39m [37m-->[39m [37mPOST[39m [37m/wd/hub/session/6d715514-d0d9-45db-8e55-a4295923697d/context[39m
[35m[HTTP][39m [90m{"name":"NATIVE_APP"}[39m
[35m[HTTP][39m [37m<-- POST /wd/hub/session/6d715514-d0d9-45db-8e55-a4295923697d/context [39m[32m200[39m [90m3 ms - 14[39m
[35m[HTTP][39m [90m[39m
[35m[HTTP][39m [37m-->[39m [37mPOST[39m [37m/wd/hub/session/6d715514-d0d9-45db-8e55-a4295923697d/appium/device/press_keycode[39m
[35m[HTTP][39m [90m{"keycode":4}[39m
[35m[HTTP][39m [37m<-- POST /wd/hub/session/6d715514-d0d9-45db-8e55-a4295923697d/appium/device/press_keycode [39m[32m200[39m [90m238 ms - 14[39m
[35m[HTTP][39m [90m[39m
[35m[HTTP][39m [37m-->[39m [37mPOST[39m [37m/wd/hub/session/6d715514-d0d9-45db-8e55-a4295923697d/context[39m
[35m[HTTP][39m [90m{"name":"NATIVE_APP"}[39m
[35m[HTTP][39m [37m<-- POST /wd/hub/session/6d715514-d0d9-45db-8e55-a4295923697d/context [39m[32m200[39m [90m2 ms - 14[39m
[35m[HTTP][39m [90m[39m
[35m[HTTP][39m [37m-->[39m [37mGET[39m [37m/wd/hub/session/6d715514-d0d9-45db-8e55-a4295923697d/source[39m
[35m[HTTP][39m [90m{}[39m
[35m[W3C (6d715514)][39m Driver proxy active, passing request on via HTTP proxy
[35m[WD Proxy][39m Replacing sessionId 498d0905-bcbd-4341-b296-a14684a97114 with 6d715514-d0d9-45db-8e55-a4295923697d
[35m[HTTP][39m [37m<-- GET /wd/hub/session/6d715514-d0d9-45db-8e55-a4295923697d/source [39m[32m200[39m [90m146 ms - 598[39m
[35m[HTTP][39m [90m[39m
[35m[HTTP][39m [37m-->[39m [37mGET[39m [37m/wd/hub/session/6d715514-d0d9-45db-8e55-a4295923697d/screenshot[39m
[35m[HTTP][39m [90m{}[39m
[35m[HTTP][39m [37m<-- GET /wd/hub/session/6d715514-d0d9-45db-8e55-a4295923697d/screenshot [39m[32m200[39m [90m644 ms - 1219026[39m
[35m[HTTP][39m [90m[39m
[35m[HTTP][39m [37m-->[39m [37mGET[39m [37m/wd/hub/session/6d715514-d0d9-45db-8e55-a4295923697d/source[39m
[35m[HTTP][39m [90m{}[39m
[35m[W3C (6d715514)][39m Driver proxy active, passing request on via HTTP proxy
[35m[WD Proxy][39m Replacing sessionId 498d0905-bcbd-4341-b296-a14684a97114 with 6d715514-d0d9-45db-8e55-a4295923697d
[35m[HTTP][39m [37m<-- GET /wd/hub/session/6d715514-d0d9-45db-8e55-a4295923697d/source [39m[32m200[39m [90m58 ms - 598[39m
[35m[HTTP][39m [90m[39m
[35m[HTTP][39m [37m-->[39m [37mGET[39m [37m/wd/hub/session/6d715514-d0d9-45db-8e55-a4295923697d/screenshot[39m
[35m[HTTP][39m [90m{}[39m
[35m[HTTP][39m [37m<-- GET /wd/hub/session/6d715514-d0d9-45db-8e55-a4295923697d/screenshot [39m[32m200[39m [90m640 ms - 1219026[39m
[35m[HTTP][39m [90m[39m
[35m[HTTP][39m [37m-->[39m [37mGET[39m [37m/wd/hub/session/6d715514-d0d9-45db-8e55-a4295923697d/source[39m
[35m[HTTP][39m [90m{}[39m
[35m[W3C (6d715514)][39m Driver proxy active, passing request on via HTTP proxy
[35m[WD Proxy][39m Replacing sessionId 498d0905-bcbd-4341-b296-a14684a97114 with 6d715514-d0d9-45db-8e55-a4295923697d
[35m[HTTP][39m [37m<-- GET /wd/hub/session/6d715514-d0d9-45db-8e55-a4295923697d/source [39m[32m200[39m [90m111 ms - 598[39m
[35m[HTTP][39m [90m[39m
[35m[HTTP][39m [37m-->[39m [37mGET[39m [37m/wd/hub/session/6d715514-d0d9-45db-8e55-a4295923697d/screenshot[39m
[35m[HTTP][39m [90m{}[39m
[35m[HTTP][39m [37m<-- GET /wd/hub/session/6d715514-d0d9-45db-8e55-a4295923697d/screenshot [39m[32m200[39m [90m850 ms - 1200650[39m
[35m[HTTP][39m [90m[39m
[35m[HTTP][39m [37m-->[39m [37mDELETE[39m [37m/wd/hub/session/6d715514-d0d9-45db-8e55-a4295923697d[39m
[35m[HTTP][39m [90m{}[39m
[35m[Appium][39m Removing session 6d715514-d0d9-45db-8e55-a4295923697d from our master session list
[35m[UiAutomator2][39m Restoring hidden api policy to the device default configuration
[35m[HTTP][39m [37m<-- DELETE /wd/hub/session/6d715514-d0d9-45db-8e55-a4295923697d [39m[32m200[39m [90m1106 ms - 14[39m
[35m[HTTP][39m [90m[39m
